23:09:43: Creating resource group General
23:09:43: Creating resource group Internal
23:09:43: Creating resource group Autodetect
23:09:43: SceneManagerFactory for type 'DefaultSceneManager' registered.
23:09:43: Registering ResourceManager for type Material
23:09:43: Registering ResourceManager for type Mesh
23:09:43: Registering ResourceManager for type Skeleton
23:09:43: MovableObjectFactory for type 'ParticleSystem' registered.
23:09:43: ArchiveFactory for archive type FileSystem registered.
23:09:43: ArchiveFactory for archive type Zip registered.
23:09:43: ArchiveFactory for archive type EmbeddedZip registered.
23:09:43: DDS codec registering
23:09:43: FreeImage version: 3.15.4
23:09:43: This program uses FreeImage, a free, open source image library supporting all common bitmap formats. See http://freeimage.sourceforge.net for details
23:09:43: Supported formats: bmp,ico,jpg,jif,jpeg,jpe,jng,koa,iff,lbm,mng,pbm,pbm,pcd,pcx,pgm,pgm,png,ppm,ppm,ras,tga,targa,tif,tiff,wap,wbmp,wbm,psd,cut,xbm,xpm,gif,hdr,g3,sgi,exr,j2k,j2c,jp2,pfm,pct,pict,pic,3fr,arw,bay,bmq,cap,cine,cr2,crw,cs1,dc2,dcr,drf,dsc,dng,erf,fff,ia,iiq,k25,kc2,kdc,mdc,mef,mos,mrw,nef,nrw,orf,pef,ptx,pxn,qtk,raf,raw,rdc,rw2,rwl,rwz,sr2,srf,srw,sti
23:09:43: Registering ResourceManager for type HighLevelGpuProgram
23:09:43: Registering ResourceManager for type Compositor
23:09:43: MovableObjectFactory for type 'Entity' registered.
23:09:43: MovableObjectFactory for type 'Light' registered.
23:09:43: MovableObjectFactory for type 'BillboardSet' registered.
23:09:43: MovableObjectFactory for type 'ManualObject' registered.
23:09:43: MovableObjectFactory for type 'BillboardChain' registered.
23:09:43: MovableObjectFactory for type 'RibbonTrail' registered.
23:09:43: Loading library /usr/lib/x86_64-linux-gnu/OGRE-1.9.0/RenderSystem_GL
23:09:43: Installing plugin: GL RenderSystem
23:09:43: OpenGL Rendering Subsystem created.
23:09:43: Plugin successfully installed
23:09:43: Loading library /usr/lib/x86_64-linux-gnu/OGRE-1.9.0/Plugin_ParticleFX
23:09:43: Installing plugin: ParticleFX
23:09:43: Particle Emitter Type 'Point' registered
23:09:43: Particle Emitter Type 'Box' registered
23:09:43: Particle Emitter Type 'Ellipsoid' registered
23:09:43: Particle Emitter Type 'Cylinder' registered
23:09:43: Particle Emitter Type 'Ring' registered
23:09:43: Particle Emitter Type 'HollowEllipsoid' registered
23:09:43: Particle Affector Type 'LinearForce' registered
23:09:43: Particle Affector Type 'ColourFader' registered
23:09:43: Particle Affector Type 'ColourFader2' registered
23:09:43: Particle Affector Type 'ColourImage' registered
23:09:43: Particle Affector Type 'ColourInterpolator' registered
23:09:43: Particle Affector Type 'Scaler' registered
23:09:43: Particle Affector Type 'Rotator' registered
23:09:43: Particle Affector Type 'DirectionRandomiser' registered
23:09:43: Particle Affector Type 'DeflectorPlane' registered
23:09:43: Plugin successfully installed
23:09:43: *-*-* OGRE Initialising
23:09:43: *-*-* Version 1.9.0 (Ghadamon)
23:09:43: CPU Identifier & Features
23:09:43: -------------------------
23:09:43:  *   CPU ID: GenuineIntel: Intel(R) Core(TM) i7-4500U CPU @ 1.80GHz
23:09:43:  *      SSE: yes
23:09:43:  *     SSE2: yes
23:09:43:  *     SSE3: yes
23:09:43:  *      MMX: yes
23:09:43:  *   MMXEXT: yes
23:09:43:  *    3DNOW: no
23:09:43:  * 3DNOWEXT: no
23:09:43:  *     CMOV: yes
23:09:43:  *      TSC: yes
23:09:43:  *      FPU: yes
23:09:43:  *      PRO: yes
23:09:43:  *       HT: no
23:09:43: -------------------------
23:09:43: ******************************
*** Starting GLX Subsystem ***
******************************
23:09:43: Registering ResourceManager for type Texture
23:09:43: GLRenderSystem::_createRenderWindow "Hundir la Flota!", 1024x768 windowed  miscParams: FSAA=0 displayFrequency=75 Hz gamma=No vsync=No 
23:09:43: GLXWindow::create used FBConfigID = 150
23:09:43: GL_VERSION = 3.0 Mesa 10.5.2
23:09:43: GL_VENDOR = Intel Open Source Technology Center
23:09:43: GL_RENDERER = Mesa DRI Intel(R) Haswell Mobile 
23:09:43: GL_EXTENSIONS = GL_ARB_multisample GL_EXT_abgr GL_EXT_bgra GL_EXT_blend_color GL_EXT_blend_minmax GL_EXT_blend_subtract GL_EXT_copy_texture GL_EXT_polygon_offset GL_EXT_subtexture GL_EXT_texture_object GL_EXT_vertex_array GL_EXT_compiled_vertex_array GL_EXT_texture GL_EXT_texture3D GL_IBM_rasterpos_clip GL_ARB_point_parameters GL_EXT_draw_range_elements GL_EXT_packed_pixels GL_EXT_point_parameters GL_EXT_rescale_normal GL_EXT_separate_specular_color GL_EXT_texture_edge_clamp GL_SGIS_generate_mipmap GL_SGIS_texture_border_clamp GL_SGIS_texture_edge_clamp GL_SGIS_texture_lod GL_ARB_framebuffer_sRGB GL_ARB_multitexture GL_EXT_framebuffer_sRGB GL_IBM_multimode_draw_arrays GL_IBM_texture_mirrored_repeat GL_3DFX_texture_compression_FXT1 GL_ARB_texture_cube_map GL_ARB_texture_env_add GL_ARB_transpose_matrix GL_EXT_blend_func_separate GL_EXT_fog_coord GL_EXT_multi_draw_arrays GL_EXT_secondary_color GL_EXT_texture_env_add GL_EXT_texture_filter_anisotropic GL_EXT_texture_lod_bias GL_INGR_blend_func_separate GL_NV_blend_square GL_NV_light_max_exponent GL_NV_texgen_reflection GL_NV_texture_env_combine4 GL_S3_s3tc GL_SUN_multi_draw_arrays GL_ARB_texture_border_clamp GL_ARB_texture_compression GL_EXT_framebuffer_object GL_EXT_texture_compression_s3tc GL_EXT_texture_env_combine GL_EXT_texture_env_dot3 GL_MESA_window_pos GL_NV_packed_depth_stencil GL_NV_texture_rectangle GL_ARB_depth_texture GL_ARB_occlusion_query GL_ARB_shadow GL_ARB_texture_env_combine GL_ARB_texture_env_crossbar GL_ARB_texture_env_dot3 GL_ARB_texture_mirrored_repeat GL_ARB_window_pos GL_EXT_stencil_two_side GL_EXT_texture_cube_map GL_NV_depth_clamp GL_APPLE_packed_pixels GL_APPLE_vertex_array_object GL_ARB_draw_buffers GL_ARB_fragment_program GL_ARB_fragment_shader GL_ARB_shader_objects GL_ARB_vertex_program GL_ARB_vertex_shader GL_ATI_draw_buffers GL_ATI_texture_env_combine3 GL_ATI_texture_float GL_EXT_shadow_funcs GL_EXT_stencil_wrap GL_MESA_pack_invert GL_NV_primitive_restart GL_ARB_depth_clamp GL_ARB_fragment_program_shadow GL_ARB_half_float_pixel GL_ARB_occlusion_query2 GL_ARB_point_sprite GL_ARB_shading_language_100 GL_ARB_sync GL_ARB_texture_non_power_of_two GL_ARB_vertex_buffer_object GL_ATI_blend_equation_separate GL_EXT_blend_equation_separate GL_OES_read_format GL_ARB_color_buffer_float GL_ARB_pixel_buffer_object GL_ARB_texture_compression_rgtc GL_ARB_texture_float GL_ARB_texture_rectangle GL_EXT_packed_float GL_EXT_pixel_buffer_object GL_EXT_texture_compression_dxt1 GL_EXT_texture_compression_rgtc GL_EXT_texture_rectangle GL_EXT_texture_sRGB GL_EXT_texture_shared_exponent GL_ARB_framebuffer_object GL_EXT_framebuffer_blit GL_EXT_framebuffer_multisample GL_EXT_packed_depth_stencil GL_APPLE_object_purgeable GL_ARB_vertex_array_object GL_ATI_separate_stencil GL_EXT_draw_buffers2 GL_EXT_draw_instanced GL_EXT_gpu_program_parameters GL_EXT_texture_array GL_EXT_texture_integer GL_EXT_texture_sRGB_decode GL_EXT_timer_query GL_OES_EGL_image GL_ARB_copy_buffer GL_ARB_depth_buffer_float GL_ARB_draw_instanced GL_ARB_half_float_vertex GL_ARB_instanced_arrays GL_ARB_map_buffer_range GL_ARB_texture_rg GL_ARB_texture_swizzle GL_ARB_vertex_array_bgra GL_EXT_texture_swizzle GL_EXT_vertex_array_bgra GL_NV_conditional_render GL_AMD_conservative_depth GL_AMD_draw_buffers_blend GL_AMD_seamless_cubemap_per_texture GL_ARB_ES2_compatibility GL_ARB_blend_func_extended GL_ARB_debug_output GL_ARB_draw_buffers_blend GL_ARB_draw_elements_base_vertex GL_ARB_explicit_attrib_location GL_ARB_fragment_coord_conventions GL_ARB_provoking_vertex GL_ARB_sample_shading GL_ARB_sampler_objects GL_ARB_seamless_cube_map GL_ARB_shader_texture_lod GL_ARB_texture_cube_map_array GL_ARB_texture_gather GL_ARB_texture_multisample GL_ARB_texture_query_lod GL_ARB_texture_rgb10_a2ui GL_ARB_uniform_buffer_object GL_ARB_vertex_type_2_10_10_10_rev GL_EXT_provoking_vertex GL_EXT_texture_snorm GL_MESA_texture_signed_rgba GL_ARB_get_program_binary GL_ARB_robustness GL_ARB_separate_shader_objects GL_ARB_shader_bit_encoding GL_ARB_texture_compression_bptc GL_ARB_timer_query GL_ANGLE_texture_compression_dxt3 GL_ANGLE_texture_compression_dxt5 GL_ARB_compressed_texture_pixel_storage GL_ARB_conservative_depth GL_ARB_internalformat_query GL_ARB_map_buffer_alignment GL_ARB_shader_atomic_counters GL_ARB_shading_language_420pack GL_ARB_shading_language_packing GL_ARB_texture_storage GL_EXT_framebuffer_multisample_blit_scaled GL_EXT_transform_feedback GL_AMD_shader_trinary_minmax GL_ARB_ES3_compatibility GL_ARB_clear_buffer_object GL_ARB_copy_image GL_ARB_explicit_uniform_location GL_ARB_invalidate_subdata GL_ARB_texture_query_levels GL_ARB_texture_storage_multisample GL_ARB_texture_view GL_ARB_vertex_attrib_binding GL_KHR_debug GL_ARB_buffer_storage GL_ARB_clear_texture GL_ARB_multi_bind GL_ARB_seamless_cubemap_per_texture GL_ARB_texture_mirror_clamp_to_edge GL_ARB_vertex_type_10f_11f_11f_rev GL_EXT_shader_integer_mix GL_ARB_conditional_render_inverted GL_ARB_derivative_control GL_EXT_polygon_offset_clamp GL_KHR_context_flush_control 
23:09:43: Supported GLX extensions: GLX_ARB_create_context GLX_ARB_create_context_profile GLX_ARB_create_context_robustness GLX_ARB_fbconfig_float GLX_ARB_framebuffer_sRGB GLX_ARB_get_proc_address GLX_ARB_multisample GLX_EXT_import_context GLX_EXT_visual_info GLX_EXT_visual_rating GLX_EXT_framebuffer_sRGB GLX_EXT_create_context_es2_profile GLX_MESA_copy_sub_buffer GLX_MESA_multithread_makecurrent GLX_MESA_query_renderer GLX_MESA_swap_control GLX_OML_swap_method GLX_OML_sync_control GLX_SGI_make_current_read GLX_SGI_swap_control GLX_SGI_video_sync GLX_SGIS_multisample GLX_SGIX_fbconfig GLX_SGIX_pbuffer GLX_SGIX_visual_select_group GLX_EXT_texture_from_pixmap GLX_INTEL_swap_event 
23:09:43: ***************************
23:09:43: *** GL Renderer Started ***
23:09:43: ***************************
23:09:43: Registering ResourceManager for type GpuProgram
23:09:43: GLSL support detected
23:09:43: GL: Using GL_EXT_framebuffer_object for rendering to textures (best)
23:09:43: FBO PF_UNKNOWN depth/stencil support: D0S1 D0S4 D0S8 D0S16 D16S0 D16S1 D16S4 D16S8 D16S16 D24S0 D24S1 D24S4 D24S8 D24S16 D32S0 D32S1 D32S4 D32S8 D32S16 Packed-D24S8 
23:09:43: FBO PF_A8 depth/stencil support: D0S0 D0S1 D0S4 D0S8 D0S16 D16S0 D16S1 D16S4 D16S8 D16S16 D24S0 D24S1 D24S4 D24S8 D24S16 D32S0 D32S1 D32S4 D32S8 D32S16 Packed-D24S8 
23:09:43: FBO PF_R5G6B5 depth/stencil support: D0S0 D0S1 D0S4 D0S8 D0S16 D16S0 D16S1 D16S4 D16S8 D16S16 D24S0 D24S1 D24S4 D24S8 D24S16 D32S0 D32S1 D32S4 D32S8 D32S16 Packed-D24S8 
23:09:43: FBO PF_B5G6R5 depth/stencil support: D0S0 D0S1 D0S4 D0S8 D0S16 D16S0 D16S1 D16S4 D16S8 D16S16 D24S0 D24S1 D24S4 D24S8 D24S16 D32S0 D32S1 D32S4 D32S8 D32S16 Packed-D24S8 
23:09:43: FBO PF_A4R4G4B4 depth/stencil support: D0S0 D0S1 D0S4 D0S8 D0S16 D16S0 D16S1 D16S4 D16S8 D16S16 D24S0 D24S1 D24S4 D24S8 D24S16 D32S0 D32S1 D32S4 D32S8 D32S16 Packed-D24S8 
23:09:43: FBO PF_A1R5G5B5 depth/stencil support: D0S0 D0S1 D0S4 D0S8 D0S16 D16S0 D16S1 D16S4 D16S8 D16S16 D24S0 D24S1 D24S4 D24S8 D24S16 D32S0 D32S1 D32S4 D32S8 D32S16 Packed-D24S8 
23:09:43: FBO PF_R8G8B8 depth/stencil support: D0S0 D0S1 D0S4 D0S8 D0S16 D16S0 D16S1 D16S4 D16S8 D16S16 D24S0 D24S1 D24S4 D24S8 D24S16 D32S0 D32S1 D32S4 D32S8 D32S16 Packed-D24S8 
23:09:43: FBO PF_B8G8R8 depth/stencil support: D0S0 D0S1 D0S4 D0S8 D0S16 D16S0 D16S1 D16S4 D16S8 D16S16 D24S0 D24S1 D24S4 D24S8 D24S16 D32S0 D32S1 D32S4 D32S8 D32S16 Packed-D24S8 
23:09:43: FBO PF_A8R8G8B8 depth/stencil support: D0S0 D0S1 D0S4 D0S8 D0S16 D16S0 D16S1 D16S4 D16S8 D16S16 D24S0 D24S1 D24S4 D24S8 D24S16 D32S0 D32S1 D32S4 D32S8 D32S16 Packed-D24S8 
23:09:43: FBO PF_B8G8R8A8 depth/stencil support: D0S0 D0S1 D0S4 D0S8 D0S16 D16S0 D16S1 D16S4 D16S8 D16S16 D24S0 D24S1 D24S4 D24S8 D24S16 D32S0 D32S1 D32S4 D32S8 D32S16 Packed-D24S8 
23:09:43: FBO PF_A2R10G10B10 depth/stencil support: D0S0 D0S1 D0S4 D0S8 D0S16 D16S0 D16S1 D16S4 D16S8 D16S16 D24S0 D24S1 D24S4 D24S8 D24S16 D32S0 D32S1 D32S4 D32S8 D32S16 Packed-D24S8 
23:09:43: FBO PF_A2B10G10R10 depth/stencil support: D0S0 D0S1 D0S4 D0S8 D0S16 D16S0 D16S1 D16S4 D16S8 D16S16 D24S0 D24S1 D24S4 D24S8 D24S16 D32S0 D32S1 D32S4 D32S8 D32S16 Packed-D24S8 
23:09:43: FBO PF_FLOAT16_RGBA depth/stencil support: D0S0 D0S1 D0S4 D0S8 D0S16 D16S0 D16S1 D16S4 D16S8 D16S16 D24S0 D24S1 D24S4 D24S8 D24S16 D32S0 D32S1 D32S4 D32S8 D32S16 Packed-D24S8 
23:09:43: FBO PF_FLOAT32_RGBA depth/stencil support: D0S0 D0S1 D0S4 D0S8 D0S16 D16S0 D16S1 D16S4 D16S8 D16S16 D24S0 D24S1 D24S4 D24S8 D24S16 D32S0 D32S1 D32S4 D32S8 D32S16 Packed-D24S8 
23:09:43: FBO PF_X8R8G8B8 depth/stencil support: D0S0 D0S1 D0S4 D0S8 D0S16 D16S0 D16S1 D16S4 D16S8 D16S16 D24S0 D24S1 D24S4 D24S8 D24S16 D32S0 D32S1 D32S4 D32S8 D32S16 Packed-D24S8 
23:09:43: FBO PF_X8B8G8R8 depth/stencil support: D0S0 D0S1 D0S4 D0S8 D0S16 D16S0 D16S1 D16S4 D16S8 D16S16 D24S0 D24S1 D24S4 D24S8 D24S16 D32S0 D32S1 D32S4 D32S8 D32S16 Packed-D24S8 
23:09:43: FBO PF_SHORT_RGBA depth/stencil support: D0S0 D0S1 D0S4 D0S8 D0S16 D16S0 D16S1 D16S4 D16S8 D16S16 D24S0 D24S1 D24S4 D24S8 D24S16 D32S0 D32S1 D32S4 D32S8 D32S16 Packed-D24S8 
23:09:43: FBO PF_R3G3B2 depth/stencil support: D0S0 D0S1 D0S4 D0S8 D0S16 D16S0 D16S1 D16S4 D16S8 D16S16 D24S0 D24S1 D24S4 D24S8 D24S16 D32S0 D32S1 D32S4 D32S8 D32S16 Packed-D24S8 
23:09:43: FBO PF_FLOAT16_R depth/stencil support: D0S0 D0S1 D0S4 D0S8 D0S16 D16S0 D16S1 D16S4 D16S8 D16S16 D24S0 D24S1 D24S4 D24S8 D24S16 D32S0 D32S1 D32S4 D32S8 D32S16 Packed-D24S8 
23:09:43: FBO PF_FLOAT32_R depth/stencil support: D0S0 D0S1 D0S4 D0S8 D0S16 D16S0 D16S1 D16S4 D16S8 D16S16 D24S0 D24S1 D24S4 D24S8 D24S16 D32S0 D32S1 D32S4 D32S8 D32S16 Packed-D24S8 
23:09:43: [GL] : Valid FBO targets PF_UNKNOWN PF_A8 PF_R5G6B5 PF_B5G6R5 PF_A4R4G4B4 PF_A1R5G5B5 PF_R8G8B8 PF_B8G8R8 PF_A8R8G8B8 PF_B8G8R8A8 PF_A2R10G10B10 PF_A2B10G10R10 PF_FLOAT16_RGBA PF_FLOAT32_RGBA PF_X8R8G8B8 PF_X8B8G8R8 PF_SHORT_RGBA PF_R3G3B2 PF_FLOAT16_R PF_FLOAT32_R 
23:09:43: RenderSystem capabilities
23:09:43: -------------------------
23:09:43: RenderSystem Name: OpenGL Rendering Subsystem
23:09:43: GPU Vendor: intel
23:09:43: Device Name: Mesa DRI Intel(R) Haswell Mobile 
23:09:43: Driver Version: 3.0.0.0
23:09:43:  * Fixed function pipeline: yes
23:09:43:  * Hardware generation of mipmaps: no
23:09:43:  * Texture blending: yes
23:09:43:  * Anisotropic texture filtering: yes
23:09:43:  * Dot product texture operation: yes
23:09:43:  * Cube mapping: yes
23:09:43:  * Hardware stencil buffer: yes
23:09:43:    - Stencil depth: 8
23:09:43:    - Two sided stencil support: yes
23:09:43:    - Wrap stencil values: yes
23:09:43:  * Hardware vertex / index buffers: yes
23:09:43:  * Vertex programs: yes
23:09:43:  * Number of floating-point constants for vertex programs: 4096
23:09:43:  * Number of integer constants for vertex programs: 0
23:09:43:  * Number of boolean constants for vertex programs: 0
23:09:43:  * Fragment programs: yes
23:09:43:  * Number of floating-point constants for fragment programs: 4096
23:09:43:  * Number of integer constants for fragment programs: 0
23:09:43:  * Number of boolean constants for fragment programs: 0
23:09:43:  * Geometry programs: no
23:09:43:  * Number of floating-point constants for geometry programs: 0
23:09:43:  * Number of integer constants for geometry programs: 0
23:09:43:  * Number of boolean constants for geometry programs: 0
23:09:43:  * Tesselation Hull programs: no
23:09:43:  * Number of floating-point constants for tesselation hull programs: 0
23:09:43:  * Number of integer constants for tesselation hull programs: 0
23:09:43:  * Number of boolean constants for tesselation hull programs: 0
23:09:43:  * Tesselation Domain programs: no
23:09:43:  * Number of floating-point constants for tesselation domain programs: 0
23:09:43:  * Number of integer constants for tesselation domain programs: 0
23:09:43:  * Number of boolean constants for tesselation domain programs: 0
23:09:43:  * Compute programs: no
23:09:43:  * Number of floating-point constants for compute programs: 0
23:09:43:  * Number of integer constants for compute programs: 0
23:09:43:  * Number of boolean constants for compute programs: 0
23:09:43:  * Supported Shader Profiles: arbfp1 arbvp1 glsl
23:09:43:  * Texture Compression: yes
23:09:43:    - DXT: yes
23:09:43:    - VTC: no
23:09:43:    - PVRTC: no
23:09:43:    - ATC: no
23:09:43:    - ETC1: no
23:09:43:    - ETC2: no
23:09:43:    - BC4/BC5: no
23:09:43:    - BC6H/BC7: no
23:09:43:  * Scissor Rectangle: yes
23:09:43:  * Hardware Occlusion Query: yes
23:09:43:  * User clip planes: yes
23:09:43:  * VET_UBYTE4 vertex element type: yes
23:09:43:  * Infinite far plane projection: yes
23:09:43:  * Hardware render-to-texture: yes
23:09:43:  * Floating point textures: yes
23:09:43:  * Non-power-of-two textures: yes
23:09:43:  * 1d textures: yes
23:09:43:  * Volume textures: yes
23:09:43:  * Multiple Render Targets: 8
23:09:43:    - With different bit depths: yes
23:09:43:  * Point Sprites: yes
23:09:43:  * Extended point parameters: yes
23:09:43:  * Max Point Size: 255
23:09:43:  * Vertex texture fetch: yes
23:09:43:  * Number of world matrices: 0
23:09:43:  * Number of texture units: 16
23:09:43:  * Stencil buffer depth: 8
23:09:43:  * Number of vertex blend matrices: 0
23:09:43:    - Max vertex textures: 32
23:09:43:    - Vertex textures shared: yes
23:09:43:  * Render to Vertex Buffer : no
23:09:43:  * Hardware Atomic Counters: no
23:09:43:  * GL 1.5 without VBO workaround: no
23:09:43:  * Frame Buffer objects: yes
23:09:43:  * Frame Buffer objects (ARB extension): no
23:09:43:  * Frame Buffer objects (ATI extension): no
23:09:43:  * PBuffer support: yes
23:09:43:  * GL 1.5 without HW-occlusion workaround: no
23:09:43:  * Vertex Array Objects: no
23:09:43:  * Separate shader objects: no
23:09:43: DefaultWorkQueue('Root') initialising on thread 7fbc0f268840.
23:09:43: Particle Renderer Type 'billboard' registered
23:09:43: DefaultWorkQueue('Root')::WorkerFunc - thread 7fbbfb3fa700 starting.
23:09:43: DefaultWorkQueue('Root')::WorkerFunc - thread 7fbbfbbfb700 starting.
23:09:43: DefaultWorkQueue('Root')::WorkerFunc - thread 7fbbfc3fc700 starting.
23:09:43: DefaultWorkQueue('Root')::WorkerFunc - thread 7fbbfcbfd700 starting.
23:09:43: OverlayElementFactory for type Panel registered.
23:09:43: OverlayElementFactory for type BorderPanel registered.
23:09:43: OverlayElementFactory for type TextArea registered.
23:09:43: Registering ResourceManager for type Font
23:09:43: Creating resource group Fonts
23:09:43: Added resource location 'media/fonts' of type 'FileSystem' to resource group 'Fonts'
23:09:43: Added resource location 'media' of type 'FileSystem' to resource group 'General'
23:09:43: Added resource location 'media/xml_schemas' of type 'FileSystem' to resource group 'General'
23:09:43: Added resource location 'media/celda.zip' of type 'Zip' to resource group 'General'
23:09:43: Added resource location 'media/celda_light.zip' of type 'Zip' to resource group 'General'
23:09:43: Added resource location 'media/intro_overlay.zip' of type 'Zip' to resource group 'General'
23:09:43: Added resource location 'media/playing_overlay.zip' of type 'Zip' to resource group 'General'
23:09:43: Added resource location 'media/water.zip' of type 'Zip' to resource group 'General'
23:09:43: Added resource location 'media/proa.zip' of type 'Zip' to resource group 'General'
23:09:43: Added resource location 'media/popa.zip' of type 'Zip' to resource group 'General'
23:09:43: Added resource location 'media/cuerpo1.zip' of type 'Zip' to resource group 'General'
23:09:43: Added resource location 'media/cuerpo2.zip' of type 'Zip' to resource group 'General'
23:09:43: Added resource location 'media/proa_t.zip' of type 'Zip' to resource group 'General'
23:09:43: Added resource location 'media/popa_t.zip' of type 'Zip' to resource group 'General'
23:09:43: Added resource location 'media/cuerpo1_t.zip' of type 'Zip' to resource group 'General'
23:09:43: Added resource location 'media/cuerpo2_t.zip' of type 'Zip' to resource group 'General'
23:09:43: Added resource location 'media/smoke.zip' of type 'Zip' to resource group 'General'
23:09:43: Added resource location 'media/carteles.zip' of type 'Zip' to resource group 'General'
23:09:43: Added resource location 'media/menu.zip' of type 'Zip' to resource group 'General'
23:09:43: Added resource location 'media/fade.zip' of type 'Zip' to resource group 'General'
23:09:43: Creating resource group Imagesets
23:09:43: Added resource location 'media/imagesets' of type 'FileSystem' to resource group 'Imagesets'
23:09:43: Creating resource group Layouts
23:09:43: Added resource location 'media/layouts' of type 'FileSystem' to resource group 'Layouts'
23:09:43: Creating resource group LookNFeel
23:09:43: Added resource location 'media/looknfeel' of type 'FileSystem' to resource group 'LookNFeel'
23:09:43: Creating resource group Schemes
23:09:43: Added resource location 'media/schemes' of type 'FileSystem' to resource group 'Schemes'
23:09:43: Parsing scripts for resource group Autodetect
23:09:43: Finished parsing scripts for resource group Autodetect
23:09:43: Creating resources for group Autodetect
23:09:43: All done
23:09:43: Parsing scripts for resource group Fonts
23:09:43: Finished parsing scripts for resource group Fonts
23:09:43: Creating resources for group Fonts
23:09:43: All done
23:09:43: Parsing scripts for resource group General
23:09:43: Parsing script celda.material
23:09:43: Parsing script celda_light.material
23:09:43: Parsing script intro_panel.material
23:09:43: Parsing script panel_cpu.material
23:09:43: Parsing script panel_player.material
23:09:43: Parsing script pointer.material
23:09:43: Parsing script panel_cpu_turno.material
23:09:43: Parsing script panel_player_turno.material
23:09:43: Parsing script panel_player (copia).material
23:09:43: Parsing script Water.material
23:09:43: Parsing script proa.material
23:09:43: Parsing script popa.material
23:09:43: Parsing script cuerpo1.material
23:09:43: Parsing script cuerpo2.material
23:09:43: Parsing script proa_t.material
23:09:43: Parsing script popa_t.material
23:09:43: Parsing script cuerpo1_t.material
23:09:43: Parsing script cuerpo2_t.material
23:09:43: Parsing script smoke.material
23:09:43: Parsing script enemigo.material
23:09:43: Parsing script jugador.material
23:09:43: Parsing script intro_menu.material
23:09:43: Parsing script FadeInOut.material
23:09:43: Parsing script smoke.particle
23:09:43: Parsing script Blue.fontdef
23:09:43: Parsing script intro.overlay
23:09:43: Texture: intro.png: Loading 1 faces(PF_A8R8G8B8,1024x768x1) with 10 generated mipmaps from Image. Internal format is PF_A8R8G8B8,1024x768x1.
23:09:43: Texture: cursor.png: Loading 1 faces(PF_A8R8G8B8,29x27x1) with 4 generated mipmaps from Image. Internal format is PF_A8R8G8B8,29x27x1.
23:09:43: Parsing script cpu.overlay
23:09:43: Texture: panel_cpu.png: Loading 1 faces(PF_A8R8G8B8,300x175x1) with 8 generated mipmaps from Image. Internal format is PF_A8R8G8B8,300x175x1.
23:09:43: Parsing script player.overlay
23:09:43: Texture: panel_player.png: Loading 1 faces(PF_A8R8G8B8,300x175x1) with 8 generated mipmaps from Image. Internal format is PF_A8R8G8B8,300x175x1.
23:09:43: Parsing script cpu_turno.overlay
23:09:43: Texture: panel_cpu_turno.png: Loading 1 faces(PF_A8R8G8B8,300x175x1) with 8 generated mipmaps from Image. Internal format is PF_A8R8G8B8,300x175x1.
23:09:43: Parsing script player_turno.overlay
23:09:43: Texture: panel_player_turno.png: Loading 1 faces(PF_A8R8G8B8,300x175x1) with 8 generated mipmaps from Image. Internal format is PF_A8R8G8B8,300x175x1.
23:09:43: Parsing script pause.overlay
23:09:43: Texture: pause.png: Loading 1 faces(PF_A8R8G8B8,299x83x1) with 8 generated mipmaps from Image. Internal format is PF_A8R8G8B8,299x83x1.
23:09:43: Parsing script menu.overlay
23:09:43: Texture: menu_fondo.png: Loading 1 faces(PF_A8R8G8B8,1024x768x1) with 10 generated mipmaps from Image. Internal format is PF_A8R8G8B8,1024x768x1.
23:09:43: Parsing script FadeInOut.overlay
23:09:43: Texture: black.png: Loading 1 faces(PF_R8G8B8,32x32x1) with 5 generated mipmaps from Image. Internal format is PF_X8R8G8B8,32x32x1.
23:09:43: Finished parsing scripts for resource group General
23:09:43: Creating resources for group General
23:09:43: All done
23:09:43: Parsing scripts for resource group Imagesets
23:09:43: Finished parsing scripts for resource group Imagesets
23:09:43: Creating resources for group Imagesets
23:09:43: All done
23:09:43: Parsing scripts for resource group Internal
23:09:43: Finished parsing scripts for resource group Internal
23:09:43: Creating resources for group Internal
23:09:43: All done
23:09:43: Parsing scripts for resource group Layouts
23:09:43: Finished parsing scripts for resource group Layouts
23:09:43: Creating resources for group Layouts
23:09:43: All done
23:09:43: Parsing scripts for resource group LookNFeel
23:09:43: Finished parsing scripts for resource group LookNFeel
23:09:43: Creating resources for group LookNFeel
23:09:43: All done
23:09:43: Parsing scripts for resource group Schemes
23:09:43: Finished parsing scripts for resource group Schemes
23:09:43: Creating resources for group Schemes
23:09:43: All done
23:09:43: Registering ResourceManager for type Track
23:09:43: Registering ResourceManager for type SoundFX
23:09:45: Mesh: Loading celda.mesh.
23:09:45: Texture: water_borde.jpg: Loading 1 faces(PF_R8G8B8,128x128x1) with 7 generated mipmaps from Image. Internal format is PF_X8R8G8B8,128x128x1.
23:09:45: Texture: water.jpg: Loading 1 faces(PF_R8G8B8,128x128x1) with 7 generated mipmaps from Image. Internal format is PF_X8R8G8B8,128x128x1.
23:09:45: Mesh: Loading jugador.mesh.
23:09:45: Texture: jugador.png: Loading 1 faces(PF_A8R8G8B8,1024x1024x1) with 10 generated mipmaps from Image. Internal format is PF_A8R8G8B8,1024x1024x1.
23:09:45: Mesh: Loading enemigo.mesh.
23:09:45: Texture: enemigo.png: Loading 1 faces(PF_A8R8G8B8,1024x1024x1) with 10 generated mipmaps from Image. Internal format is PF_A8R8G8B8,1024x1024x1.
23:09:45: Mesh: Loading proa.mesh.
23:09:45: Texture: proa.png: Loading 1 faces(PF_A8R8G8B8,1024x1024x1) with 10 generated mipmaps from Image. Internal format is PF_A8R8G8B8,1024x1024x1.
23:09:45: Mesh: Loading popa.mesh.
23:09:45: Texture: popa.png: Loading 1 faces(PF_A8R8G8B8,1024x1024x1) with 10 generated mipmaps from Image. Internal format is PF_A8R8G8B8,1024x1024x1.
23:09:45: Mesh: Loading cuerpo1.mesh.
23:09:45: Texture: cuerpo1.png: Loading 1 faces(PF_A8R8G8B8,1024x1024x1) with 10 generated mipmaps from Image. Internal format is PF_A8R8G8B8,1024x1024x1.
23:09:45: Mesh: Loading cuerpo2.mesh.
23:09:45: Texture: cuerpo2.png: Loading 1 faces(PF_A8R8G8B8,1024x1024x1) with 10 generated mipmaps from Image. Internal format is PF_A8R8G8B8,1024x1024x1.
23:09:46: Texture: spot_shadow_fade.png: Loading 1 faces(PF_R8G8B8,128x128x1) with 7 generated mipmaps from Image. Internal format is PF_X8R8G8B8,128x128x1.
23:09:46: Font Blue using texture size 512x512
23:09:46: Info: Freetype returned null for character 127 in font Blue
23:09:46: Info: Freetype returned null for character 128 in font Blue
23:09:46: Info: Freetype returned null for character 129 in font Blue
23:09:46: Info: Freetype returned null for character 130 in font Blue
23:09:46: Info: Freetype returned null for character 131 in font Blue
23:09:46: Info: Freetype returned null for character 132 in font Blue
23:09:46: Info: Freetype returned null for character 133 in font Blue
23:09:46: Info: Freetype returned null for character 134 in font Blue
23:09:46: Info: Freetype returned null for character 135 in font Blue
23:09:46: Info: Freetype returned null for character 136 in font Blue
23:09:46: Info: Freetype returned null for character 137 in font Blue
23:09:46: Info: Freetype returned null for character 138 in font Blue
23:09:46: Info: Freetype returned null for character 139 in font Blue
23:09:46: Info: Freetype returned null for character 140 in font Blue
23:09:46: Info: Freetype returned null for character 141 in font Blue
23:09:46: Info: Freetype returned null for character 142 in font Blue
23:09:46: Info: Freetype returned null for character 143 in font Blue
23:09:46: Info: Freetype returned null for character 144 in font Blue
23:09:46: Info: Freetype returned null for character 145 in font Blue
23:09:46: Info: Freetype returned null for character 146 in font Blue
23:09:46: Info: Freetype returned null for character 147 in font Blue
23:09:46: Info: Freetype returned null for character 148 in font Blue
23:09:46: Info: Freetype returned null for character 149 in font Blue
23:09:46: Info: Freetype returned null for character 150 in font Blue
23:09:46: Info: Freetype returned null for character 151 in font Blue
23:09:46: Info: Freetype returned null for character 152 in font Blue
23:09:46: Info: Freetype returned null for character 153 in font Blue
23:09:46: Info: Freetype returned null for character 154 in font Blue
23:09:46: Info: Freetype returned null for character 155 in font Blue
23:09:46: Info: Freetype returned null for character 156 in font Blue
23:09:46: Info: Freetype returned null for character 157 in font Blue
23:09:46: Info: Freetype returned null for character 158 in font Blue
23:09:46: Info: Freetype returned null for character 159 in font Blue
23:09:46: Info: Freetype returned null for character 160 in font Blue
23:09:46: Texture: BlueTexture: Loading 1 faces(PF_BYTE_LA,512x512x1) with 0 generated mipmaps from Image. Internal format is PF_BYTE_LA,512x512x1.
23:09:46: Texture: water_borde_light.jpg: Loading 1 faces(PF_R8G8B8,128x128x1) with 7 generated mipmaps from Image. Internal format is PF_X8R8G8B8,128x128x1.
23:09:48: Mesh: Loading popa_t.mesh.
23:09:48: Texture: popa_t.png: Loading 1 faces(PF_A8R8G8B8,1024x1024x1) with 10 generated mipmaps from Image. Internal format is PF_A8R8G8B8,1024x1024x1.
23:09:48: Texture: smoke.png: Loading 1 faces(PF_A8R8G8B8,256x256x1) with 8 generated mipmaps from Image. Internal format is PF_A8R8G8B8,256x256x1.
23:09:51: DefaultWorkQueue('Root') shutting down on thread 7fbc0f268840.
23:09:51: DefaultWorkQueue('Root')::WorkerFunc - thread 7fbbfb3fa700 stopped.
23:09:51: DefaultWorkQueue('Root')::WorkerFunc - thread 7fbbfbbfb700 stopped.
23:09:51: DefaultWorkQueue('Root')::WorkerFunc - thread 7fbbfc3fc700 stopped.
23:09:51: DefaultWorkQueue('Root')::WorkerFunc - thread 7fbbfcbfd700 stopped.
23:09:51: *-*-* OGRE Shutdown
23:09:51: Unregistering ResourceManager for type Compositor
23:09:51: Unregistering ResourceManager for type Skeleton
23:09:51: Unregistering ResourceManager for type Mesh
23:09:51: Unregistering ResourceManager for type HighLevelGpuProgram
23:09:51: Uninstalling plugin: ParticleFX
23:09:51: Plugin successfully uninstalled
23:09:51: Unloading library /usr/lib/x86_64-linux-gnu/OGRE-1.9.0/Plugin_ParticleFX
23:09:51: Uninstalling plugin: GL RenderSystem
23:09:51: Unregistering ResourceManager for type GpuProgram
23:09:51: ******************************
*** Stopping GLX Subsystem ***
******************************
23:09:51: Unregistering ResourceManager for type Texture
23:09:51: Plugin successfully uninstalled
23:09:51: Unloading library /usr/lib/x86_64-linux-gnu/OGRE-1.9.0/RenderSystem_GL
23:09:51: Unregistering ResourceManager for type Material
